[0.006s] Invoking command in '/home/dharani/Desktop/V2V/build/differential_drive_robot': CMAKE_PREFIX_PATH=${CMAKE_PREFIX_PATH}:/opt/ros/jazzy DEBUGINFOD_URLS=https://debuginfod.ubuntu.com /usr/bin/cmake --build /home/dharani/Desktop/V2V/build/differential_drive_robot -- -j20 -l20
[0.026s] -- Found ament_cmake: 2.5.4 (/opt/ros/jazzy/share/ament_cmake/cmake)
[0.169s] -- Found rclpy: 7.1.5 (/opt/ros/jazzy/share/rclpy/cmake)
[0.223s] -- Found ament_lint_auto: 0.17.3 (/opt/ros/jazzy/share/ament_lint_auto/cmake)
[0.275s] -- Added test 'copyright' to check source files copyright and LICENSE
[0.277s] -- Added test 'flake8' to check Python code syntax and style conventions
[0.277s] -- Configured 'flake8' exclude dirs and/or files: 
[0.277s] -- Added test 'lint_cmake' to check CMake code style
[0.277s] -- Added test 'pep257' to check Python code against some of the docstring style conventions in PEP 257
[0.278s] -- Added test 'xmllint' to check XML markup files
[0.278s] -- Configuring done (0.3s)
[0.280s] -- Generating done (0.0s)
[0.281s] -- Build files have been written to: /home/dharani/Desktop/V2V/build/differential_drive_robot
[0.317s] Built target ament_cmake_python_copy_differential_drive_robot
[0.452s] running egg_info
[0.462s] writing differential_drive_robot.egg-info/PKG-INFO
[0.462s] writing dependency_links to differential_drive_robot.egg-info/dependency_links.txt
[0.462s] writing top-level names to differential_drive_robot.egg-info/top_level.txt
[0.491s] reading manifest file 'differential_drive_robot.egg-info/SOURCES.txt'
[0.492s] writing manifest file 'differential_drive_robot.egg-info/SOURCES.txt'
[0.507s] Built target ament_cmake_python_build_differential_drive_robot_egg
[0.514s] Invoked command in '/home/dharani/Desktop/V2V/build/differential_drive_robot' returned '0': CMAKE_PREFIX_PATH=${CMAKE_PREFIX_PATH}:/opt/ros/jazzy DEBUGINFOD_URLS=https://debuginfod.ubuntu.com /usr/bin/cmake --build /home/dharani/Desktop/V2V/build/differential_drive_robot -- -j20 -l20
[0.521s] Invoking command in '/home/dharani/Desktop/V2V/build/differential_drive_robot': CMAKE_PREFIX_PATH=${CMAKE_PREFIX_PATH}:/opt/ros/jazzy DEBUGINFOD_URLS=https://debuginfod.ubuntu.com /usr/bin/cmake --install /home/dharani/Desktop/V2V/build/differential_drive_robot
[0.525s] -- Install configuration: ""
[0.525s] -- Up-to-date: /home/dharani/Desktop/V2V/install/differential_drive_robot/share/differential_drive_robot/environment/pythonpath.sh
[0.525s] -- Up-to-date: /home/dharani/Desktop/V2V/install/differential_drive_robot/share/differential_drive_robot/environment/pythonpath.dsv
[0.525s] -- Up-to-date: /home/dharani/Desktop/V2V/install/differential_drive_robot/lib/python3.12/site-packages/differential_drive_robot-0.1.0-py3.12.egg-info
[0.525s] -- Installing: /home/dharani/Desktop/V2V/install/differential_drive_robot/lib/python3.12/site-packages/differential_drive_robot-0.1.0-py3.12.egg-info/PKG-INFO
[0.526s] -- Installing: /home/dharani/Desktop/V2V/install/differential_drive_robot/lib/python3.12/site-packages/differential_drive_robot-0.1.0-py3.12.egg-info/dependency_links.txt
[0.526s] -- Installing: /home/dharani/Desktop/V2V/install/differential_drive_robot/lib/python3.12/site-packages/differential_drive_robot-0.1.0-py3.12.egg-info/top_level.txt
[0.526s] -- Installing: /home/dharani/Desktop/V2V/install/differential_drive_robot/lib/python3.12/site-packages/differential_drive_robot-0.1.0-py3.12.egg-info/SOURCES.txt
[0.526s] -- Up-to-date: /home/dharani/Desktop/V2V/install/differential_drive_robot/lib/python3.12/site-packages/differential_drive_robot
[0.526s] -- Installing: /home/dharani/Desktop/V2V/install/differential_drive_robot/lib/python3.12/site-packages/differential_drive_robot/__init__.py
[0.549s] Listing '/home/dharani/Desktop/V2V/install/differential_drive_robot/lib/python3.12/site-packages/differential_drive_robot'...
[0.549s] Compiling '/home/dharani/Desktop/V2V/install/differential_drive_robot/lib/python3.12/site-packages/differential_drive_robot/__init__.py'...
[0.553s] -- Up-to-date: /home/dharani/Desktop/V2V/install/differential_drive_robot/lib/differential_drive_robot/arduino_interface.py
[0.553s] -- Installing: /home/dharani/Desktop/V2V/install/differential_drive_robot/lib/differential_drive_robot/odometry_node.py
[0.553s] -- Installing: /home/dharani/Desktop/V2V/install/differential_drive_robot/lib/differential_drive_robot/robot_state_publisher.py
[0.553s] -- Installing: /home/dharani/Desktop/V2V/install/differential_drive_robot/lib/differential_drive_robot/teleop_keyboard.py
[0.553s] -- Installing: /home/dharani/Desktop/V2V/install/differential_drive_robot/lib/differential_drive_robot/test_system.py
[0.553s] -- Up-to-date: /home/dharani/Desktop/V2V/install/differential_drive_robot/share/differential_drive_robot//launch
[0.553s] -- Installing: /home/dharani/Desktop/V2V/install/differential_drive_robot/share/differential_drive_robot//launch/complete_robot.launch.py
[0.553s] -- Installing: /home/dharani/Desktop/V2V/install/differential_drive_robot/share/differential_drive_robot//launch/rviz_display.launch.py
[0.553s] -- Installing: /home/dharani/Desktop/V2V/install/differential_drive_robot/share/differential_drive_robot//launch/test_system.launch.py
[0.553s] -- Installing: /home/dharani/Desktop/V2V/install/differential_drive_robot/share/differential_drive_robot//launch/robot_bringup.launch.py
[0.553s] -- Installing: /home/dharani/Desktop/V2V/install/differential_drive_robot/share/differential_drive_robot//launch/pi_robot_nodes.launch.py
[0.553s] -- Installing: /home/dharani/Desktop/V2V/install/differential_drive_robot/share/differential_drive_robot//launch/pc_visualization.launch.py
[0.553s] -- Up-to-date: /home/dharani/Desktop/V2V/install/differential_drive_robot/share/differential_drive_robot//config
[0.554s] -- Up-to-date: /home/dharani/Desktop/V2V/install/differential_drive_robot/share/differential_drive_robot//urdf
[0.554s] -- Installing: /home/dharani/Desktop/V2V/install/differential_drive_robot/share/differential_drive_robot//urdf/differential_drive_robot.urdf.xacro
[0.554s] -- Up-to-date: /home/dharani/Desktop/V2V/install/differential_drive_robot/share/differential_drive_robot//urdf/differential_drive_robot_static.urdf
[0.554s] -- Installing: /home/dharani/Desktop/V2V/install/differential_drive_robot/share/differential_drive_robot//urdf/differential_drive_robot.urdf
[0.554s] -- Up-to-date: /home/dharani/Desktop/V2V/install/differential_drive_robot/share/differential_drive_robot//rviz
[0.554s] -- Installing: /home/dharani/Desktop/V2V/install/differential_drive_robot/share/differential_drive_robot//rviz/robot_view.rviz
[0.554s] -- Up-to-date: /home/dharani/Desktop/V2V/install/differential_drive_robot/share/ament_index/resource_index/package_run_dependencies/differential_drive_robot
[0.554s] -- Up-to-date: /home/dharani/Desktop/V2V/install/differential_drive_robot/share/ament_index/resource_index/parent_prefix_path/differential_drive_robot
[0.554s] -- Up-to-date: /home/dharani/Desktop/V2V/install/differential_drive_robot/share/differential_drive_robot/environment/ament_prefix_path.sh
[0.554s] -- Up-to-date: /home/dharani/Desktop/V2V/install/differential_drive_robot/share/differential_drive_robot/environment/ament_prefix_path.dsv
[0.554s] -- Up-to-date: /home/dharani/Desktop/V2V/install/differential_drive_robot/share/differential_drive_robot/environment/path.sh
[0.554s] -- Up-to-date: /home/dharani/Desktop/V2V/install/differential_drive_robot/share/differential_drive_robot/environment/path.dsv
[0.554s] -- Up-to-date: /home/dharani/Desktop/V2V/install/differential_drive_robot/share/differential_drive_robot/local_setup.bash
[0.554s] -- Up-to-date: /home/dharani/Desktop/V2V/install/differential_drive_robot/share/differential_drive_robot/local_setup.sh
[0.554s] -- Up-to-date: /home/dharani/Desktop/V2V/install/differential_drive_robot/share/differential_drive_robot/local_setup.zsh
[0.554s] -- Up-to-date: /home/dharani/Desktop/V2V/install/differential_drive_robot/share/differential_drive_robot/local_setup.dsv
[0.554s] -- Installing: /home/dharani/Desktop/V2V/install/differential_drive_robot/share/differential_drive_robot/package.dsv
[0.554s] -- Up-to-date: /home/dharani/Desktop/V2V/install/differential_drive_robot/share/ament_index/resource_index/packages/differential_drive_robot
[0.554s] -- Up-to-date: /home/dharani/Desktop/V2V/install/differential_drive_robot/share/differential_drive_robot/cmake/differential_drive_robotConfig.cmake
[0.554s] -- Up-to-date: /home/dharani/Desktop/V2V/install/differential_drive_robot/share/differential_drive_robot/cmake/differential_drive_robotConfig-version.cmake
[0.554s] -- Installing: /home/dharani/Desktop/V2V/install/differential_drive_robot/share/differential_drive_robot/package.xml
[0.555s] Invoked command in '/home/dharani/Desktop/V2V/build/differential_drive_robot' returned '0': CMAKE_PREFIX_PATH=${CMAKE_PREFIX_PATH}:/opt/ros/jazzy DEBUGINFOD_URLS=https://debuginfod.ubuntu.com /usr/bin/cmake --install /home/dharani/Desktop/V2V/build/differential_drive_robot
