[0.017s] Invoking command in '/home/dharani/Desktop/V2V/build/differential_drive_robot': CMAKE_PREFIX_PATH=${CMAKE_PREFIX_PATH}:/opt/ros/jazzy DEBUGINFOD_URLS=https://debuginfod.ubuntu.com /usr/bin/cmake --build /home/dharani/Desktop/V2V/build/differential_drive_robot -- -j20 -l20
[0.063s] -- Found ament_cmake: 2.5.4 (/opt/ros/jazzy/share/ament_cmake/cmake)
[0.467s] -- Found rclpy: 7.1.5 (/opt/ros/jazzy/share/rclpy/cmake)
[0.635s] -- Found ament_lint_auto: 0.17.3 (/opt/ros/jazzy/share/ament_lint_auto/cmake)
[0.807s] -- Added test 'copyright' to check source files copyright and LICENSE
[0.811s] -- Added test 'flake8' to check Python code syntax and style conventions
[0.812s] -- Configured 'flake8' exclude dirs and/or files: 
[0.813s] -- Added test 'lint_cmake' to check CMake code style
[0.814s] -- Added test 'pep257' to check Python code against some of the docstring style conventions in PEP 257
[0.817s] -- Added test 'xmllint' to check XML markup files
[0.819s] -- Configuring done (0.8s)
[0.824s] -- Generating done (0.0s)
[0.827s] -- Build files have been written to: /home/dharani/Desktop/V2V/build/differential_drive_robot
[0.900s] Built target ament_cmake_python_copy_differential_drive_robot
[1.287s] running egg_info
[1.319s] writing differential_drive_robot.egg-info/PKG-INFO
[1.320s] writing dependency_links to differential_drive_robot.egg-info/dependency_links.txt
[1.320s] writing top-level names to differential_drive_robot.egg-info/top_level.txt
[1.426s] reading manifest file 'differential_drive_robot.egg-info/SOURCES.txt'
[1.428s] writing manifest file 'differential_drive_robot.egg-info/SOURCES.txt'
[1.480s] Built target ament_cmake_python_build_differential_drive_robot_egg
[1.502s] Invoked command in '/home/dharani/Desktop/V2V/build/differential_drive_robot' returned '0': CMAKE_PREFIX_PATH=${CMAKE_PREFIX_PATH}:/opt/ros/jazzy DEBUGINFOD_URLS=https://debuginfod.ubuntu.com /usr/bin/cmake --build /home/dharani/Desktop/V2V/build/differential_drive_robot -- -j20 -l20
[1.522s] Invoking command in '/home/dharani/Desktop/V2V/build/differential_drive_robot': CMAKE_PREFIX_PATH=${CMAKE_PREFIX_PATH}:/opt/ros/jazzy DEBUGINFOD_URLS=https://debuginfod.ubuntu.com /usr/bin/cmake --install /home/dharani/Desktop/V2V/build/differential_drive_robot
[1.539s] -- Install configuration: ""
[1.540s] -- Up-to-date: /home/dharani/Desktop/V2V/install/differential_drive_robot/share/differential_drive_robot/environment/pythonpath.sh
[1.540s] -- Up-to-date: /home/dharani/Desktop/V2V/install/differential_drive_robot/share/differential_drive_robot/environment/pythonpath.dsv
[1.540s] -- Up-to-date: /home/dharani/Desktop/V2V/install/differential_drive_robot/lib/python3.12/site-packages/differential_drive_robot-0.1.0-py3.12.egg-info
[1.540s] -- Installing: /home/dharani/Desktop/V2V/install/differential_drive_robot/lib/python3.12/site-packages/differential_drive_robot-0.1.0-py3.12.egg-info/PKG-INFO
[1.541s] -- Installing: /home/dharani/Desktop/V2V/install/differential_drive_robot/lib/python3.12/site-packages/differential_drive_robot-0.1.0-py3.12.egg-info/dependency_links.txt
[1.541s] -- Installing: /home/dharani/Desktop/V2V/install/differential_drive_robot/lib/python3.12/site-packages/differential_drive_robot-0.1.0-py3.12.egg-info/top_level.txt
[1.542s] -- Installing: /home/dharani/Desktop/V2V/install/differential_drive_robot/lib/python3.12/site-packages/differential_drive_robot-0.1.0-py3.12.egg-info/SOURCES.txt
[1.542s] -- Up-to-date: /home/dharani/Desktop/V2V/install/differential_drive_robot/lib/python3.12/site-packages/differential_drive_robot
[1.542s] -- Up-to-date: /home/dharani/Desktop/V2V/install/differential_drive_robot/lib/python3.12/site-packages/differential_drive_robot/__init__.py
[1.611s] Listing '/home/dharani/Desktop/V2V/install/differential_drive_robot/lib/python3.12/site-packages/differential_drive_robot'...
[1.623s] -- Up-to-date: /home/dharani/Desktop/V2V/install/differential_drive_robot/lib/differential_drive_robot/arduino_interface.py
[1.624s] -- Up-to-date: /home/dharani/Desktop/V2V/install/differential_drive_robot/lib/differential_drive_robot/odometry_node.py
[1.624s] -- Up-to-date: /home/dharani/Desktop/V2V/install/differential_drive_robot/lib/differential_drive_robot/robot_state_publisher.py
[1.625s] -- Up-to-date: /home/dharani/Desktop/V2V/install/differential_drive_robot/lib/differential_drive_robot/teleop_keyboard.py
[1.625s] -- Installing: /home/dharani/Desktop/V2V/install/differential_drive_robot/lib/differential_drive_robot/test_system.py
[1.625s] -- Up-to-date: /home/dharani/Desktop/V2V/install/differential_drive_robot/share/differential_drive_robot//launch
[1.625s] -- Up-to-date: /home/dharani/Desktop/V2V/install/differential_drive_robot/share/differential_drive_robot//launch/complete_robot.launch.py
[1.625s] -- Up-to-date: /home/dharani/Desktop/V2V/install/differential_drive_robot/share/differential_drive_robot//launch/rviz_display.launch.py
[1.626s] -- Installing: /home/dharani/Desktop/V2V/install/differential_drive_robot/share/differential_drive_robot//launch/test_system.launch.py
[1.626s] -- Up-to-date: /home/dharani/Desktop/V2V/install/differential_drive_robot/share/differential_drive_robot//launch/robot_bringup.launch.py
[1.626s] -- Up-to-date: /home/dharani/Desktop/V2V/install/differential_drive_robot/share/differential_drive_robot//config
[1.626s] -- Up-to-date: /home/dharani/Desktop/V2V/install/differential_drive_robot/share/differential_drive_robot//urdf
[1.626s] -- Up-to-date: /home/dharani/Desktop/V2V/install/differential_drive_robot/share/differential_drive_robot//urdf/differential_drive_robot.urdf.xacro
[1.626s] -- Up-to-date: /home/dharani/Desktop/V2V/install/differential_drive_robot/share/differential_drive_robot//urdf/differential_drive_robot_static.urdf
[1.626s] -- Up-to-date: /home/dharani/Desktop/V2V/install/differential_drive_robot/share/differential_drive_robot//urdf/differential_drive_robot.urdf
[1.626s] -- Up-to-date: /home/dharani/Desktop/V2V/install/differential_drive_robot/share/differential_drive_robot//rviz
[1.626s] -- Up-to-date: /home/dharani/Desktop/V2V/install/differential_drive_robot/share/differential_drive_robot//rviz/robot_view.rviz
[1.626s] -- Up-to-date: /home/dharani/Desktop/V2V/install/differential_drive_robot/share/ament_index/resource_index/package_run_dependencies/differential_drive_robot
[1.627s] -- Installing: /home/dharani/Desktop/V2V/install/differential_drive_robot/share/ament_index/resource_index/parent_prefix_path/differential_drive_robot
[1.627s] -- Up-to-date: /home/dharani/Desktop/V2V/install/differential_drive_robot/share/differential_drive_robot/environment/ament_prefix_path.sh
[1.627s] -- Up-to-date: /home/dharani/Desktop/V2V/install/differential_drive_robot/share/differential_drive_robot/environment/ament_prefix_path.dsv
[1.627s] -- Up-to-date: /home/dharani/Desktop/V2V/install/differential_drive_robot/share/differential_drive_robot/environment/path.sh
[1.627s] -- Up-to-date: /home/dharani/Desktop/V2V/install/differential_drive_robot/share/differential_drive_robot/environment/path.dsv
[1.627s] -- Up-to-date: /home/dharani/Desktop/V2V/install/differential_drive_robot/share/differential_drive_robot/local_setup.bash
[1.627s] -- Up-to-date: /home/dharani/Desktop/V2V/install/differential_drive_robot/share/differential_drive_robot/local_setup.sh
[1.627s] -- Up-to-date: /home/dharani/Desktop/V2V/install/differential_drive_robot/share/differential_drive_robot/local_setup.zsh
[1.627s] -- Up-to-date: /home/dharani/Desktop/V2V/install/differential_drive_robot/share/differential_drive_robot/local_setup.dsv
[1.628s] -- Installing: /home/dharani/Desktop/V2V/install/differential_drive_robot/share/differential_drive_robot/package.dsv
[1.628s] -- Up-to-date: /home/dharani/Desktop/V2V/install/differential_drive_robot/share/ament_index/resource_index/packages/differential_drive_robot
[1.628s] -- Up-to-date: /home/dharani/Desktop/V2V/install/differential_drive_robot/share/differential_drive_robot/cmake/differential_drive_robotConfig.cmake
[1.628s] -- Up-to-date: /home/dharani/Desktop/V2V/install/differential_drive_robot/share/differential_drive_robot/cmake/differential_drive_robotConfig-version.cmake
[1.628s] -- Up-to-date: /home/dharani/Desktop/V2V/install/differential_drive_robot/share/differential_drive_robot/package.xml
[1.630s] Invoked command in '/home/dharani/Desktop/V2V/build/differential_drive_robot' returned '0': CMAKE_PREFIX_PATH=${CMAKE_PREFIX_PATH}:/opt/ros/jazzy DEBUGINFOD_URLS=https://debuginfod.ubuntu.com /usr/bin/cmake --install /home/dharani/Desktop/V2V/build/differential_drive_robot
