[0.182s] [34mcolcon[0m [1;30mDEBUG[0m [32mCommand line arguments: ['/usr/bin/colcon', 'build', '--packages-select', 'differential_drive_robot'][0m
[0.182s] [34mcolcon[0m [1;30mDEBUG[0m [32mParsed command line arguments: Namespace(log_base=None, log_level=None, verb_name='build', build_base='build', install_base='install', merge_install=False, symlink_install=False, test_result_base=None, continue_on_error=False, executor='parallel', parallel_workers=20, event_handlers=None, ignore_user_meta=False, metas=['./colcon.meta'], base_paths=['.'], packages_ignore=None, packages_ignore_regex=None, paths=None, packages_up_to=None, packages_up_to_regex=None, packages_above=None, packages_above_and_dependencies=None, packages_above_depth=None, packages_select_by_dep=None, packages_skip_by_dep=None, packages_skip_up_to=None, packages_select_build_failed=False, packages_skip_build_finished=False, packages_select_test_failures=False, packages_skip_test_passed=False, packages_select=['differential_drive_robot'], packages_skip=None, packages_select_regex=None, packages_skip_regex=None, packages_start=None, packages_end=None, allow_overriding=[], cmake_args=None, cmake_target=None, cmake_target_skip_unavailable=False, cmake_clean_cache=False, cmake_clean_first=False, cmake_force_configure=False, ament_cmake_args=None, catkin_cmake_args=None, catkin_skip_building_tests=False, verb_parser=<colcon_defaults.argument_parser.defaults.DefaultArgumentsDecorator object at 0x779cbdc45430>, verb_extension=<colcon_core.verb.build.BuildVerb object at 0x779cbdc45370>, main=<bound method BuildVerb.main of <colcon_core.verb.build.BuildVerb object at 0x779cbdc45370>>)[0m
[0.247s] [34mcolcon.colcon_core.package_discovery[0m [1;30mLevel 1[0m discover_packages(colcon_meta) check parameters
[0.247s] [34mcolcon.colcon_core.package_discovery[0m [1;30mLevel 1[0m discover_packages(recursive) check parameters
[0.248s] [34mcolcon.colcon_core.package_discovery[0m [1;30mLevel 1[0m discover_packages(ignore) check parameters
[0.248s] [34mcolcon.colcon_core.package_discovery[0m [1;30mLevel 1[0m discover_packages(path) check parameters
[0.248s] [34mcolcon.colcon_core.package_discovery[0m [1;30mLevel 1[0m discover_packages(colcon_meta) discover
[0.248s] [34mcolcon.colcon_core.package_discovery[0m [1;30mLevel 1[0m discover_packages(recursive) discover
[0.248s] [34mcolcon.colcon_core.package_discovery[0m [1;30mINFO[0m Crawling recursively for packages in '/home/dharani/Desktop/V2V'
[0.248s] [34mcolcon.colcon_core.package_identification[0m [1;30mLevel 1[0m _identify(.) by extensions ['ignore', 'ignore_ament_install']
[0.248s] [34mcolcon.colcon_core.package_identification[0m [1;30mLevel 1[0m _identify(.) by extension 'ignore'
[0.248s] [34mcolcon.colcon_core.package_identification[0m [1;30mLevel 1[0m _identify(.) by extension 'ignore_ament_install'
[0.248s] [34mcolcon.colcon_core.package_identification[0m [1;30mLevel 1[0m _identify(.) by extensions ['colcon_pkg']
[0.248s] [34mcolcon.colcon_core.package_identification[0m [1;30mLevel 1[0m _identify(.) by extension 'colcon_pkg'
[0.248s] [34mcolcon.colcon_core.package_identification[0m [1;30mLevel 1[0m _identify(.) by extensions ['colcon_meta']
[0.248s] [34mcolcon.colcon_core.package_identification[0m [1;30mLevel 1[0m _identify(.) by extension 'colcon_meta'
[0.248s] [34mcolcon.colcon_core.package_identification[0m [1;30mLevel 1[0m _identify(.) by extensions ['ros']
[0.248s] [34mcolcon.colcon_core.package_identification[0m [1;30mLevel 1[0m _identify(.) by extension 'ros'
[0.289s] [34mcolcon.colcon_core.package_identification[0m [1;30mLevel 1[0m _identify(.) by extensions ['cmake', 'python']
[0.289s] [34mcolcon.colcon_core.package_identification[0m [1;30mLevel 1[0m _identify(.) by extension 'cmake'
[0.289s] [34mcolcon.colcon_core.package_identification[0m [1;30mLevel 1[0m _identify(.) by extension 'python'
[0.289s] [34mcolcon.colcon_core.package_identification[0m [1;30mLevel 1[0m _identify(.) by extensions ['python_setup_py']
[0.289s] [34mcolcon.colcon_core.package_identification[0m [1;30mLevel 1[0m _identify(.) by extension 'python_setup_py'
[0.289s] [34mcolcon.colcon_core.package_identification[0m [1;30mLevel 1[0m _identify(V2V-main) by extensions ['ignore', 'ignore_ament_install']
[0.290s] [34mcolcon.colcon_core.package_identification[0m [1;30mLevel 1[0m _identify(V2V-main) by extension 'ignore'
[0.290s] [34mcolcon.colcon_core.package_identification[0m [1;30mLevel 1[0m _identify(V2V-main) by extension 'ignore_ament_install'
[0.290s] [34mcolcon.colcon_core.package_identification[0m [1;30mLevel 1[0m _identify(V2V-main) by extensions ['colcon_pkg']
[0.290s] [34mcolcon.colcon_core.package_identification[0m [1;30mLevel 1[0m _identify(V2V-main) by extension 'colcon_pkg'
[0.290s] [34mcolcon.colcon_core.package_identification[0m [1;30mLevel 1[0m _identify(V2V-main) by extensions ['colcon_meta']
[0.290s] [34mcolcon.colcon_core.package_identification[0m [1;30mLevel 1[0m _identify(V2V-main) by extension 'colcon_meta'
[0.290s] [34mcolcon.colcon_core.package_identification[0m [1;30mLevel 1[0m _identify(V2V-main) by extensions ['ros']
[0.290s] [34mcolcon.colcon_core.package_identification[0m [1;30mLevel 1[0m _identify(V2V-main) by extension 'ros'
[0.290s] [34mcolcon.colcon_core.package_identification[0m [1;30mLevel 1[0m _identify(V2V-main) by extensions ['cmake', 'python']
[0.290s] [34mcolcon.colcon_core.package_identification[0m [1;30mLevel 1[0m _identify(V2V-main) by extension 'cmake'
[0.290s] [34mcolcon.colcon_core.package_identification[0m [1;30mLevel 1[0m _identify(V2V-main) by extension 'python'
[0.290s] [34mcolcon.colcon_core.package_identification[0m [1;30mLevel 1[0m _identify(V2V-main) by extensions ['python_setup_py']
[0.290s] [34mcolcon.colcon_core.package_identification[0m [1;30mLevel 1[0m _identify(V2V-main) by extension 'python_setup_py'
[0.290s] [34mcolcon.colcon_core.package_identification[0m [1;30mLevel 1[0m _identify(V2V-main/differential_drive_robot) by extensions ['ignore', 'ignore_ament_install']
[0.291s] [34mcolcon.colcon_core.package_identification[0m [1;30mLevel 1[0m _identify(V2V-main/differential_drive_robot) by extension 'ignore'
[0.291s] [34mcolcon.colcon_core.package_identification[0m [1;30mLevel 1[0m _identify(V2V-main/differential_drive_robot) by extension 'ignore_ament_install'
[0.291s] [34mcolcon.colcon_core.package_identification[0m [1;30mLevel 1[0m _identify(V2V-main/differential_drive_robot) by extensions ['colcon_pkg']
[0.291s] [34mcolcon.colcon_core.package_identification[0m [1;30mLevel 1[0m _identify(V2V-main/differential_drive_robot) by extension 'colcon_pkg'
[0.291s] [34mcolcon.colcon_core.package_identification[0m [1;30mLevel 1[0m _identify(V2V-main/differential_drive_robot) by extensions ['colcon_meta']
[0.291s] [34mcolcon.colcon_core.package_identification[0m [1;30mLevel 1[0m _identify(V2V-main/differential_drive_robot) by extension 'colcon_meta'
[0.291s] [34mcolcon.colcon_core.package_identification[0m [1;30mLevel 1[0m _identify(V2V-main/differential_drive_robot) by extensions ['ros']
[0.291s] [34mcolcon.colcon_core.package_identification[0m [1;30mLevel 1[0m _identify(V2V-main/differential_drive_robot) by extension 'ros'
[0.294s] [34mcolcon.colcon_core.package_identification[0m [1;30mDEBUG[0m [32mPackage 'V2V-main/differential_drive_robot' with type 'ros.ament_cmake' and name 'differential_drive_robot'[0m
[0.295s] [34mcolcon.colcon_core.package_identification[0m [1;30mLevel 1[0m _identify(V2V-main/ros_arduino_bridge) by extensions ['ignore', 'ignore_ament_install']
[0.295s] [34mcolcon.colcon_core.package_identification[0m [1;30mLevel 1[0m _identify(V2V-main/ros_arduino_bridge) by extension 'ignore'
[0.295s] [34mcolcon.colcon_core.package_identification[0m [1;30mLevel 1[0m _identify(V2V-main/ros_arduino_bridge) by extension 'ignore_ament_install'
[0.295s] [34mcolcon.colcon_core.package_identification[0m [1;30mLevel 1[0m _identify(V2V-main/ros_arduino_bridge) by extensions ['colcon_pkg']
[0.295s] [34mcolcon.colcon_core.package_identification[0m [1;30mLevel 1[0m _identify(V2V-main/ros_arduino_bridge) by extension 'colcon_pkg'
[0.295s] [34mcolcon.colcon_core.package_identification[0m [1;30mLevel 1[0m _identify(V2V-main/ros_arduino_bridge) by extensions ['colcon_meta']
[0.295s] [34mcolcon.colcon_core.package_identification[0m [1;30mLevel 1[0m _identify(V2V-main/ros_arduino_bridge) by extension 'colcon_meta'
[0.295s] [34mcolcon.colcon_core.package_identification[0m [1;30mLevel 1[0m _identify(V2V-main/ros_arduino_bridge) by extensions ['ros']
[0.295s] [34mcolcon.colcon_core.package_identification[0m [1;30mLevel 1[0m _identify(V2V-main/ros_arduino_bridge) by extension 'ros'
[0.295s] [34mcolcon.colcon_core.package_identification[0m [1;30mLevel 1[0m _identify(V2V-main/ros_arduino_bridge) by extensions ['cmake', 'python']
[0.295s] [34mcolcon.colcon_core.package_identification[0m [1;30mLevel 1[0m _identify(V2V-main/ros_arduino_bridge) by extension 'cmake'
[0.295s] [34mcolcon.colcon_core.package_identification[0m [1;30mLevel 1[0m _identify(V2V-main/ros_arduino_bridge) by extension 'python'
[0.295s] [34mcolcon.colcon_core.package_identification[0m [1;30mLevel 1[0m _identify(V2V-main/ros_arduino_bridge) by extensions ['python_setup_py']
[0.296s] [34mcolcon.colcon_core.package_identification[0m [1;30mLevel 1[0m _identify(V2V-main/ros_arduino_bridge) by extension 'python_setup_py'
[0.296s] [34mcolcon.colcon_core.package_identification[0m [1;30mLevel 1[0m _identify(V2V-main/ros_arduino_bridge/ROSArduinoBridge) by extensions ['ignore', 'ignore_ament_install']
[0.296s] [34mcolcon.colcon_core.package_identification[0m [1;30mLevel 1[0m _identify(V2V-main/ros_arduino_bridge/ROSArduinoBridge) by extension 'ignore'
[0.296s] [34mcolcon.colcon_core.package_identification[0m [1;30mLevel 1[0m _identify(V2V-main/ros_arduino_bridge/ROSArduinoBridge) by extension 'ignore_ament_install'
[0.296s] [34mcolcon.colcon_core.package_identification[0m [1;30mLevel 1[0m _identify(V2V-main/ros_arduino_bridge/ROSArduinoBridge) by extensions ['colcon_pkg']
[0.296s] [34mcolcon.colcon_core.package_identification[0m [1;30mLevel 1[0m _identify(V2V-main/ros_arduino_bridge/ROSArduinoBridge) by extension 'colcon_pkg'
[0.296s] [34mcolcon.colcon_core.package_identification[0m [1;30mLevel 1[0m _identify(V2V-main/ros_arduino_bridge/ROSArduinoBridge) by extensions ['colcon_meta']
[0.296s] [34mcolcon.colcon_core.package_identification[0m [1;30mLevel 1[0m _identify(V2V-main/ros_arduino_bridge/ROSArduinoBridge) by extension 'colcon_meta'
[0.296s] [34mcolcon.colcon_core.package_identification[0m [1;30mLevel 1[0m _identify(V2V-main/ros_arduino_bridge/ROSArduinoBridge) by extensions ['ros']
[0.296s] [34mcolcon.colcon_core.package_identification[0m [1;30mLevel 1[0m _identify(V2V-main/ros_arduino_bridge/ROSArduinoBridge) by extension 'ros'
[0.296s] [34mcolcon.colcon_core.package_identification[0m [1;30mLevel 1[0m _identify(V2V-main/ros_arduino_bridge/ROSArduinoBridge) by extensions ['cmake', 'python']
[0.296s] [34mcolcon.colcon_core.package_identification[0m [1;30mLevel 1[0m _identify(V2V-main/ros_arduino_bridge/ROSArduinoBridge) by extension 'cmake'
[0.296s] [34mcolcon.colcon_core.package_identification[0m [1;30mLevel 1[0m _identify(V2V-main/ros_arduino_bridge/ROSArduinoBridge) by extension 'python'
[0.296s] [34mcolcon.colcon_core.package_identification[0m [1;30mLevel 1[0m _identify(V2V-main/ros_arduino_bridge/ROSArduinoBridge) by extensions ['python_setup_py']
[0.296s] [34mcolcon.colcon_core.package_identification[0m [1;30mLevel 1[0m _identify(V2V-main/ros_arduino_bridge/ROSArduinoBridge) by extension 'python_setup_py'
[0.296s] [34mcolcon.colcon_core.package_identification[0m [1;30mLevel 1[0m _identify(build) by extensions ['ignore', 'ignore_ament_install']
[0.297s] [34mcolcon.colcon_core.package_identification[0m [1;30mLevel 1[0m _identify(build) by extension 'ignore'
[0.297s] [34mcolcon.colcon_core.package_identification[0m [1;30mLevel 1[0m _identify(build) ignored
[0.297s] [34mcolcon.colcon_core.package_identification[0m [1;30mLevel 1[0m _identify(install) by extensions ['ignore', 'ignore_ament_install']
[0.297s] [34mcolcon.colcon_core.package_identification[0m [1;30mLevel 1[0m _identify(install) by extension 'ignore'
[0.297s] [34mcolcon.colcon_core.package_identification[0m [1;30mLevel 1[0m _identify(install) ignored
[0.297s] [34mcolcon.colcon_core.package_identification[0m [1;30mLevel 1[0m _identify(log) by extensions ['ignore', 'ignore_ament_install']
[0.297s] [34mcolcon.colcon_core.package_identification[0m [1;30mLevel 1[0m _identify(log) by extension 'ignore'
[0.297s] [34mcolcon.colcon_core.package_identification[0m [1;30mLevel 1[0m _identify(log) ignored
[0.297s] [34mcolcon.colcon_core.package_discovery[0m [1;30mLevel 1[0m discover_packages(recursive) using defaults
[0.297s] [34mcolcon.colcon_core.package_discovery[0m [1;30mLevel 1[0m discover_packages(ignore) discover
[0.297s] [34mcolcon.colcon_core.package_discovery[0m [1;30mLevel 1[0m discover_packages(ignore) using defaults
[0.297s] [34mcolcon.colcon_core.package_discovery[0m [1;30mLevel 1[0m discover_packages(path) discover
[0.297s] [34mcolcon.colcon_core.package_discovery[0m [1;30mLevel 1[0m discover_packages(path) using defaults
[0.322s] [34mcolcon.colcon_core.package_discovery[0m [1;30mLevel 1[0m discover_packages(prefix_path) check parameters
[0.323s] [34mcolcon.colcon_core.package_discovery[0m [1;30mLevel 1[0m discover_packages(prefix_path) discover
[0.326s] [34mcolcon.colcon_installed_package_information.package_discovery[0m [1;30mDEBUG[0m [32mFound 1 installed packages in /home/dharani/Desktop/V2V/install[0m
[0.329s] [34mcolcon.colcon_installed_package_information.package_discovery[0m [1;30mDEBUG[0m [32mFound 287 installed packages in /opt/ros/jazzy[0m
[0.330s] [34mcolcon.colcon_core.package_discovery[0m [1;30mLevel 1[0m discover_packages(prefix_path) using defaults
[0.384s] [34mcolcon.colcon_core.verb[0m [1;30mLevel 5[0m set package 'differential_drive_robot' build argument 'cmake_args' from command line to 'None'
[0.384s] [34mcolcon.colcon_core.verb[0m [1;30mLevel 5[0m set package 'differential_drive_robot' build argument 'cmake_target' from command line to 'None'
[0.384s] [34mcolcon.colcon_core.verb[0m [1;30mLevel 5[0m set package 'differential_drive_robot' build argument 'cmake_target_skip_unavailable' from command line to 'False'
[0.384s] [34mcolcon.colcon_core.verb[0m [1;30mLevel 5[0m set package 'differential_drive_robot' build argument 'cmake_clean_cache' from command line to 'False'
[0.384s] [34mcolcon.colcon_core.verb[0m [1;30mLevel 5[0m set package 'differential_drive_robot' build argument 'cmake_clean_first' from command line to 'False'
[0.384s] [34mcolcon.colcon_core.verb[0m [1;30mLevel 5[0m set package 'differential_drive_robot' build argument 'cmake_force_configure' from command line to 'False'
[0.384s] [34mcolcon.colcon_core.verb[0m [1;30mLevel 5[0m set package 'differential_drive_robot' build argument 'ament_cmake_args' from command line to 'None'
[0.384s] [34mcolcon.colcon_core.verb[0m [1;30mLevel 5[0m set package 'differential_drive_robot' build argument 'catkin_cmake_args' from command line to 'None'
[0.384s] [34mcolcon.colcon_core.verb[0m [1;30mLevel 5[0m set package 'differential_drive_robot' build argument 'catkin_skip_building_tests' from command line to 'False'
[0.384s] [34mcolcon.colcon_core.verb[0m [1;30mDEBUG[0m [32mBuilding package 'differential_drive_robot' with the following arguments: {'ament_cmake_args': None, 'build_base': '/home/dharani/Desktop/V2V/build/differential_drive_robot', 'catkin_cmake_args': None, 'catkin_skip_building_tests': False, 'cmake_args': None, 'cmake_clean_cache': False, 'cmake_clean_first': False, 'cmake_force_configure': False, 'cmake_target': None, 'cmake_target_skip_unavailable': False, 'install_base': '/home/dharani/Desktop/V2V/install/differential_drive_robot', 'merge_install': False, 'path': '/home/dharani/Desktop/V2V/V2V-main/differential_drive_robot', 'symlink_install': False, 'test_result_base': None}[0m
[0.384s] [34mcolcon.colcon_core.executor[0m [1;30mINFO[0m Executing jobs using 'parallel' executor
[0.386s] [34mcolcon.colcon_parallel_executor.executor.parallel[0m [1;30mDEBUG[0m [32mrun_until_complete[0m
[0.386s] [34mcolcon.colcon_ros.task.ament_cmake.build[0m [1;30mINFO[0m Building ROS package in '/home/dharani/Desktop/V2V/V2V-main/differential_drive_robot' with build type 'ament_cmake'
[0.386s] [34mcolcon.colcon_cmake.task.cmake.build[0m [1;30mINFO[0m Building CMake package in '/home/dharani/Desktop/V2V/V2V-main/differential_drive_robot'
[0.389s] [34mcolcon.colcon_core.plugin_system[0m [1;30mINFO[0m Skipping extension 'colcon_core.shell.bat': Not used on non-Windows systems
[0.389s] [34mcolcon.colcon_core.shell[0m [1;30mINFO[0m Skip shell extension 'powershell' for command environment: Not usable outside of PowerShell
[0.389s] [34mcolcon.colcon_core.shell[0m [1;30mDEBUG[0m [32mSkip shell extension 'dsv' for command environment[0m
[0.405s] [34mcolcon.colcon_core.event_handler.log_command[0m [1;30mDEBUG[0m [32mInvoking command in '/home/dharani/Desktop/V2V/build/differential_drive_robot': CMAKE_PREFIX_PATH=${CMAKE_PREFIX_PATH}:/opt/ros/jazzy DEBUGINFOD_URLS=https://debuginfod.ubuntu.com /usr/bin/cmake --build /home/dharani/Desktop/V2V/build/differential_drive_robot -- -j20 -l20[0m
[1.889s] [34mcolcon.colcon_core.event_handler.log_command[0m [1;30mDEBUG[0m [32mInvoked command in '/home/dharani/Desktop/V2V/build/differential_drive_robot' returned '0': CMAKE_PREFIX_PATH=${CMAKE_PREFIX_PATH}:/opt/ros/jazzy DEBUGINFOD_URLS=https://debuginfod.ubuntu.com /usr/bin/cmake --build /home/dharani/Desktop/V2V/build/differential_drive_robot -- -j20 -l20[0m
[1.910s] [34mcolcon.colcon_core.event_handler.log_command[0m [1;30mDEBUG[0m [32mInvoking command in '/home/dharani/Desktop/V2V/build/differential_drive_robot': CMAKE_PREFIX_PATH=${CMAKE_PREFIX_PATH}:/opt/ros/jazzy DEBUGINFOD_URLS=https://debuginfod.ubuntu.com /usr/bin/cmake --install /home/dharani/Desktop/V2V/build/differential_drive_robot[0m
[2.016s] [34mcolcon.colcon_core.environment[0m [1;30mLevel 1[0m create_environment_scripts_only(differential_drive_robot)
[2.017s] [34mcolcon.colcon_core.event_handler.log_command[0m [1;30mDEBUG[0m [32mInvoked command in '/home/dharani/Desktop/V2V/build/differential_drive_robot' returned '0': CMAKE_PREFIX_PATH=${CMAKE_PREFIX_PATH}:/opt/ros/jazzy DEBUGINFOD_URLS=https://debuginfod.ubuntu.com /usr/bin/cmake --install /home/dharani/Desktop/V2V/build/differential_drive_robot[0m
[2.021s] [34mcolcon.colcon_core.environment[0m [1;30mLevel 1[0m checking '/home/dharani/Desktop/V2V/install/differential_drive_robot' for CMake module files
[2.022s] [34mcolcon.colcon_core.environment[0m [1;30mLevel 1[0m checking '/home/dharani/Desktop/V2V/install/differential_drive_robot' for CMake config files
[2.022s] [34mcolcon.colcon_core.shell[0m [1;30mLevel 1[0m create_environment_hook('differential_drive_robot', 'cmake_prefix_path')
[2.023s] [34mcolcon.colcon_core.shell[0m [1;30mINFO[0m Creating environment hook '/home/dharani/Desktop/V2V/install/differential_drive_robot/share/differential_drive_robot/hook/cmake_prefix_path.ps1'
[2.024s] [34mcolcon.colcon_core.shell[0m [1;30mINFO[0m Creating environment descriptor '/home/dharani/Desktop/V2V/install/differential_drive_robot/share/differential_drive_robot/hook/cmake_prefix_path.dsv'
[2.025s] [34mcolcon.colcon_core.shell[0m [1;30mINFO[0m Creating environment hook '/home/dharani/Desktop/V2V/install/differential_drive_robot/share/differential_drive_robot/hook/cmake_prefix_path.sh'
[2.026s] [34mcolcon.colcon_core.environment[0m [1;30mLevel 1[0m checking '/home/dharani/Desktop/V2V/install/differential_drive_robot/lib'
[2.026s] [34mcolcon.colcon_core.environment[0m [1;30mLevel 1[0m checking '/home/dharani/Desktop/V2V/install/differential_drive_robot/bin'
[2.026s] [34mcolcon.colcon_core.environment[0m [1;30mLevel 1[0m checking '/home/dharani/Desktop/V2V/install/differential_drive_robot/lib/pkgconfig/differential_drive_robot.pc'
[2.027s] [34mcolcon.colcon_core.environment[0m [1;30mLevel 1[0m checking '/home/dharani/Desktop/V2V/install/differential_drive_robot/lib/python3.12/site-packages'
[2.027s] [34mcolcon.colcon_core.shell[0m [1;30mLevel 1[0m create_environment_hook('differential_drive_robot', 'pythonpath')
[2.027s] [34mcolcon.colcon_core.shell[0m [1;30mINFO[0m Creating environment hook '/home/dharani/Desktop/V2V/install/differential_drive_robot/share/differential_drive_robot/hook/pythonpath.ps1'
[2.028s] [34mcolcon.colcon_core.shell[0m [1;30mINFO[0m Creating environment descriptor '/home/dharani/Desktop/V2V/install/differential_drive_robot/share/differential_drive_robot/hook/pythonpath.dsv'
[2.028s] [34mcolcon.colcon_core.shell[0m [1;30mINFO[0m Creating environment hook '/home/dharani/Desktop/V2V/install/differential_drive_robot/share/differential_drive_robot/hook/pythonpath.sh'
[2.029s] [34mcolcon.colcon_core.environment[0m [1;30mLevel 1[0m checking '/home/dharani/Desktop/V2V/install/differential_drive_robot/bin'
[2.029s] [34mcolcon.colcon_core.shell[0m [1;30mINFO[0m Creating package script '/home/dharani/Desktop/V2V/install/differential_drive_robot/share/differential_drive_robot/package.ps1'
[2.030s] [34mcolcon.colcon_core.shell[0m [1;30mINFO[0m Creating package descriptor '/home/dharani/Desktop/V2V/install/differential_drive_robot/share/differential_drive_robot/package.dsv'
[2.031s] [34mcolcon.colcon_core.shell[0m [1;30mINFO[0m Creating package script '/home/dharani/Desktop/V2V/install/differential_drive_robot/share/differential_drive_robot/package.sh'
[2.032s] [34mcolcon.colcon_core.shell[0m [1;30mINFO[0m Creating package script '/home/dharani/Desktop/V2V/install/differential_drive_robot/share/differential_drive_robot/package.bash'
[2.033s] [34mcolcon.colcon_core.shell[0m [1;30mINFO[0m Creating package script '/home/dharani/Desktop/V2V/install/differential_drive_robot/share/differential_drive_robot/package.zsh'
[2.035s] [34mcolcon.colcon_core.environment[0m [1;30mLevel 1[0m create_file_with_runtime_dependencies(/home/dharani/Desktop/V2V/install/differential_drive_robot/share/colcon-core/packages/differential_drive_robot)
[2.036s] [34mcolcon.colcon_core.environment[0m [1;30mLevel 1[0m create_environment_scripts_only(differential_drive_robot)
[2.036s] [34mcolcon.colcon_core.environment[0m [1;30mLevel 1[0m checking '/home/dharani/Desktop/V2V/install/differential_drive_robot' for CMake module files
[2.038s] [34mcolcon.colcon_core.environment[0m [1;30mLevel 1[0m checking '/home/dharani/Desktop/V2V/install/differential_drive_robot' for CMake config files
[2.039s] [34mcolcon.colcon_core.shell[0m [1;30mLevel 1[0m create_environment_hook('differential_drive_robot', 'cmake_prefix_path')
[2.039s] [34mcolcon.colcon_core.shell[0m [1;30mINFO[0m Creating environment hook '/home/dharani/Desktop/V2V/install/differential_drive_robot/share/differential_drive_robot/hook/cmake_prefix_path.ps1'
[2.040s] [34mcolcon.colcon_core.shell[0m [1;30mINFO[0m Creating environment descriptor '/home/dharani/Desktop/V2V/install/differential_drive_robot/share/differential_drive_robot/hook/cmake_prefix_path.dsv'
[2.042s] [34mcolcon.colcon_core.shell[0m [1;30mINFO[0m Creating environment hook '/home/dharani/Desktop/V2V/install/differential_drive_robot/share/differential_drive_robot/hook/cmake_prefix_path.sh'
[2.043s] [34mcolcon.colcon_core.environment[0m [1;30mLevel 1[0m checking '/home/dharani/Desktop/V2V/install/differential_drive_robot/lib'
[2.043s] [34mcolcon.colcon_core.environment[0m [1;30mLevel 1[0m checking '/home/dharani/Desktop/V2V/install/differential_drive_robot/bin'
[2.043s] [34mcolcon.colcon_core.environment[0m [1;30mLevel 1[0m checking '/home/dharani/Desktop/V2V/install/differential_drive_robot/lib/pkgconfig/differential_drive_robot.pc'
[2.044s] [34mcolcon.colcon_core.environment[0m [1;30mLevel 1[0m checking '/home/dharani/Desktop/V2V/install/differential_drive_robot/lib/python3.12/site-packages'
[2.044s] [34mcolcon.colcon_core.shell[0m [1;30mLevel 1[0m create_environment_hook('differential_drive_robot', 'pythonpath')
[2.045s] [34mcolcon.colcon_core.shell[0m [1;30mINFO[0m Creating environment hook '/home/dharani/Desktop/V2V/install/differential_drive_robot/share/differential_drive_robot/hook/pythonpath.ps1'
[2.045s] [34mcolcon.colcon_core.shell[0m [1;30mINFO[0m Creating environment descriptor '/home/dharani/Desktop/V2V/install/differential_drive_robot/share/differential_drive_robot/hook/pythonpath.dsv'
[2.046s] [34mcolcon.colcon_core.shell[0m [1;30mINFO[0m Creating environment hook '/home/dharani/Desktop/V2V/install/differential_drive_robot/share/differential_drive_robot/hook/pythonpath.sh'
[2.047s] [34mcolcon.colcon_core.environment[0m [1;30mLevel 1[0m checking '/home/dharani/Desktop/V2V/install/differential_drive_robot/bin'
[2.048s] [34mcolcon.colcon_core.shell[0m [1;30mINFO[0m Creating package script '/home/dharani/Desktop/V2V/install/differential_drive_robot/share/differential_drive_robot/package.ps1'
[2.049s] [34mcolcon.colcon_core.shell[0m [1;30mINFO[0m Creating package descriptor '/home/dharani/Desktop/V2V/install/differential_drive_robot/share/differential_drive_robot/package.dsv'
[2.049s] [34mcolcon.colcon_core.shell[0m [1;30mINFO[0m Creating package script '/home/dharani/Desktop/V2V/install/differential_drive_robot/share/differential_drive_robot/package.sh'
[2.051s] [34mcolcon.colcon_core.shell[0m [1;30mINFO[0m Creating package script '/home/dharani/Desktop/V2V/install/differential_drive_robot/share/differential_drive_robot/package.bash'
[2.051s] [34mcolcon.colcon_core.shell[0m [1;30mINFO[0m Creating package script '/home/dharani/Desktop/V2V/install/differential_drive_robot/share/differential_drive_robot/package.zsh'
[2.052s] [34mcolcon.colcon_core.environment[0m [1;30mLevel 1[0m create_file_with_runtime_dependencies(/home/dharani/Desktop/V2V/install/differential_drive_robot/share/colcon-core/packages/differential_drive_robot)
[2.052s] [34mcolcon.colcon_parallel_executor.executor.parallel[0m [1;30mDEBUG[0m [32mclosing loop[0m
[2.053s] [34mcolcon.colcon_parallel_executor.executor.parallel[0m [1;30mDEBUG[0m [32mloop closed[0m
[2.053s] [34mcolcon.colcon_parallel_executor.executor.parallel[0m [1;30mDEBUG[0m [32mrun_until_complete finished with '0'[0m
[2.053s] [34mcolcon.colcon_core.event_reactor[0m [1;30mDEBUG[0m [32mjoining thread[0m
[2.061s] [34mcolcon.colcon_core.plugin_system[0m [1;30mINFO[0m Skipping extension 'colcon_notification.desktop_notification.terminal_notifier': Not used on non-Darwin systems
[2.062s] [34mcolcon.colcon_core.plugin_system[0m [1;30mINFO[0m Skipping extension 'colcon_notification.desktop_notification.win32': Not used on non-Windows systems
[2.062s] [34mcolcon.colcon_notification.desktop_notification[0m [1;30mINFO[0m Sending desktop notification using 'notify2'
[2.083s] [34mcolcon.colcon_core.event_reactor[0m [1;30mDEBUG[0m [32mjoined thread[0m
[2.084s] [34mcolcon.colcon_core.shell[0m [1;30mINFO[0m Creating prefix script '/home/dharani/Desktop/V2V/install/local_setup.ps1'
[2.085s] [34mcolcon.colcon_core.shell[0m [1;30mINFO[0m Creating prefix util module '/home/dharani/Desktop/V2V/install/_local_setup_util_ps1.py'
[2.087s] [34mcolcon.colcon_core.shell[0m [1;30mINFO[0m Creating prefix chain script '/home/dharani/Desktop/V2V/install/setup.ps1'
[2.088s] [34mcolcon.colcon_core.shell[0m [1;30mINFO[0m Creating prefix script '/home/dharani/Desktop/V2V/install/local_setup.sh'
[2.088s] [34mcolcon.colcon_core.shell[0m [1;30mINFO[0m Creating prefix util module '/home/dharani/Desktop/V2V/install/_local_setup_util_sh.py'
[2.089s] [34mcolcon.colcon_core.shell[0m [1;30mINFO[0m Creating prefix chain script '/home/dharani/Desktop/V2V/install/setup.sh'
[2.090s] [34mcolcon.colcon_core.shell[0m [1;30mINFO[0m Creating prefix script '/home/dharani/Desktop/V2V/install/local_setup.bash'
[2.091s] [34mcolcon.colcon_core.shell[0m [1;30mINFO[0m Creating prefix chain script '/home/dharani/Desktop/V2V/install/setup.bash'
[2.092s] [34mcolcon.colcon_core.shell[0m [1;30mINFO[0m Creating prefix script '/home/dharani/Desktop/V2V/install/local_setup.zsh'
[2.093s] [34mcolcon.colcon_core.shell[0m [1;30mINFO[0m Creating prefix chain script '/home/dharani/Desktop/V2V/install/setup.zsh'
