-- Found ament_cmake: 2.5.4 (/opt/ros/jazzy/share/ament_cmake/cmake)
-- Found rclpy: 7.1.5 (/opt/ros/jazzy/share/rclpy/cmake)
-- Found ament_lint_auto: 0.17.3 (/opt/ros/jazzy/share/ament_lint_auto/cmake)
-- Added test 'copyright' to check source files copyright and LICENSE
-- Added test 'flake8' to check Python code syntax and style conventions
-- Configured 'flake8' exclude dirs and/or files: 
-- Added test 'lint_cmake' to check CMake code style
-- Added test 'pep257' to check Python code against some of the docstring style conventions in PEP 257
-- Added test 'xmllint' to check XML markup files
-- Configuring done (1.0s)
-- Generating done (0.0s)
-- Build files have been written to: /home/dharani/Desktop/V2V/build/differential_drive_robot
Built target ament_cmake_python_copy_differential_drive_robot
running egg_info
creating differential_drive_robot.egg-info
writing differential_drive_robot.egg-info/PKG-INFO
writing dependency_links to differential_drive_robot.egg-info/dependency_links.txt
writing top-level names to differential_drive_robot.egg-info/top_level.txt
writing manifest file 'differential_drive_robot.egg-info/SOURCES.txt'
reading manifest file 'differential_drive_robot.egg-info/SOURCES.txt'
writing manifest file 'differential_drive_robot.egg-info/SOURCES.txt'
Built target ament_cmake_python_build_differential_drive_robot_egg
-- Install configuration: ""
-- Installing: /home/dharani/Desktop/V2V/install/differential_drive_robot/share/differential_drive_robot/environment/pythonpath.sh
-- Installing: /home/dharani/Desktop/V2V/install/differential_drive_robot/share/differential_drive_robot/environment/pythonpath.dsv
-- Installing: /home/dharani/Desktop/V2V/install/differential_drive_robot/lib/python3.12/site-packages/differential_drive_robot-0.1.0-py3.12.egg-info
-- Installing: /home/dharani/Desktop/V2V/install/differential_drive_robot/lib/python3.12/site-packages/differential_drive_robot-0.1.0-py3.12.egg-info/PKG-INFO
-- Installing: /home/dharani/Desktop/V2V/install/differential_drive_robot/lib/python3.12/site-packages/differential_drive_robot-0.1.0-py3.12.egg-info/dependency_links.txt
-- Installing: /home/dharani/Desktop/V2V/install/differential_drive_robot/lib/python3.12/site-packages/differential_drive_robot-0.1.0-py3.12.egg-info/top_level.txt
-- Installing: /home/dharani/Desktop/V2V/install/differential_drive_robot/lib/python3.12/site-packages/differential_drive_robot-0.1.0-py3.12.egg-info/SOURCES.txt
-- Installing: /home/dharani/Desktop/V2V/install/differential_drive_robot/lib/python3.12/site-packages/differential_drive_robot
-- Installing: /home/dharani/Desktop/V2V/install/differential_drive_robot/lib/python3.12/site-packages/differential_drive_robot/__init__.py
Listing '/home/dharani/Desktop/V2V/install/differential_drive_robot/lib/python3.12/site-packages/differential_drive_robot'...
Compiling '/home/dharani/Desktop/V2V/install/differential_drive_robot/lib/python3.12/site-packages/differential_drive_robot/__init__.py'...
-- Installing: /home/dharani/Desktop/V2V/install/differential_drive_robot/lib/differential_drive_robot/arduino_interface.py
-- Installing: /home/dharani/Desktop/V2V/install/differential_drive_robot/lib/differential_drive_robot/odometry_node.py
-- Installing: /home/dharani/Desktop/V2V/install/differential_drive_robot/lib/differential_drive_robot/robot_state_publisher.py
-- Installing: /home/dharani/Desktop/V2V/install/differential_drive_robot/lib/differential_drive_robot/teleop_keyboard.py
-- Installing: /home/dharani/Desktop/V2V/install/differential_drive_robot/share/differential_drive_robot//launch
-- Installing: /home/dharani/Desktop/V2V/install/differential_drive_robot/share/differential_drive_robot//launch/complete_robot.launch.py
-- Installing: /home/dharani/Desktop/V2V/install/differential_drive_robot/share/differential_drive_robot//launch/rviz_display.launch.py
-- Installing: /home/dharani/Desktop/V2V/install/differential_drive_robot/share/differential_drive_robot//launch/robot_bringup.launch.py
-- Installing: /home/dharani/Desktop/V2V/install/differential_drive_robot/share/differential_drive_robot//config
-- Installing: /home/dharani/Desktop/V2V/install/differential_drive_robot/share/differential_drive_robot//urdf
-- Installing: /home/dharani/Desktop/V2V/install/differential_drive_robot/share/differential_drive_robot//urdf/differential_drive_robot.urdf
-- Installing: /home/dharani/Desktop/V2V/install/differential_drive_robot/share/differential_drive_robot//rviz
-- Installing: /home/dharani/Desktop/V2V/install/differential_drive_robot/share/differential_drive_robot//rviz/robot_view.rviz
-- Installing: /home/dharani/Desktop/V2V/install/differential_drive_robot/share/ament_index/resource_index/package_run_dependencies/differential_drive_robot
-- Installing: /home/dharani/Desktop/V2V/install/differential_drive_robot/share/ament_index/resource_index/parent_prefix_path/differential_drive_robot
-- Installing: /home/dharani/Desktop/V2V/install/differential_drive_robot/share/differential_drive_robot/environment/ament_prefix_path.sh
-- Installing: /home/dharani/Desktop/V2V/install/differential_drive_robot/share/differential_drive_robot/environment/ament_prefix_path.dsv
-- Installing: /home/dharani/Desktop/V2V/install/differential_drive_robot/share/differential_drive_robot/environment/path.sh
-- Installing: /home/dharani/Desktop/V2V/install/differential_drive_robot/share/differential_drive_robot/environment/path.dsv
-- Installing: /home/dharani/Desktop/V2V/install/differential_drive_robot/share/differential_drive_robot/local_setup.bash
-- Installing: /home/dharani/Desktop/V2V/install/differential_drive_robot/share/differential_drive_robot/local_setup.sh
-- Installing: /home/dharani/Desktop/V2V/install/differential_drive_robot/share/differential_drive_robot/local_setup.zsh
-- Installing: /home/dharani/Desktop/V2V/install/differential_drive_robot/share/differential_drive_robot/local_setup.dsv
-- Installing: /home/dharani/Desktop/V2V/install/differential_drive_robot/share/differential_drive_robot/package.dsv
-- Installing: /home/dharani/Desktop/V2V/install/differential_drive_robot/share/ament_index/resource_index/packages/differential_drive_robot
-- Installing: /home/dharani/Desktop/V2V/install/differential_drive_robot/share/differential_drive_robot/cmake/differential_drive_robotConfig.cmake
-- Installing: /home/dharani/Desktop/V2V/install/differential_drive_robot/share/differential_drive_robot/cmake/differential_drive_robotConfig-version.cmake
-- Installing: /home/dharani/Desktop/V2V/install/differential_drive_robot/share/differential_drive_robot/package.xml
