Built target ament_cmake_python_copy_differential_drive_robot
running egg_info
writing differential_drive_robot.egg-info/PKG-INFO
writing dependency_links to differential_drive_robot.egg-info/dependency_links.txt
writing top-level names to differential_drive_robot.egg-info/top_level.txt
reading manifest file 'differential_drive_robot.egg-info/SOURCES.txt'
writing manifest file 'differential_drive_robot.egg-info/SOURCES.txt'
Built target ament_cmake_python_build_differential_drive_robot_egg
-- Install configuration: ""
-- Up-to-date: /home/dharani/Desktop/V2V/install/differential_drive_robot/share/differential_drive_robot/environment/pythonpath.sh
-- Up-to-date: /home/dharani/Desktop/V2V/install/differential_drive_robot/share/differential_drive_robot/environment/pythonpath.dsv
-- Up-to-date: /home/dharani/Desktop/V2V/install/differential_drive_robot/lib/python3.12/site-packages/differential_drive_robot-0.1.0-py3.12.egg-info
-- Installing: /home/dharani/Desktop/V2V/install/differential_drive_robot/lib/python3.12/site-packages/differential_drive_robot-0.1.0-py3.12.egg-info/PKG-INFO
-- Installing: /home/dharani/Desktop/V2V/install/differential_drive_robot/lib/python3.12/site-packages/differential_drive_robot-0.1.0-py3.12.egg-info/dependency_links.txt
-- Installing: /home/dharani/Desktop/V2V/install/differential_drive_robot/lib/python3.12/site-packages/differential_drive_robot-0.1.0-py3.12.egg-info/top_level.txt
-- Installing: /home/dharani/Desktop/V2V/install/differential_drive_robot/lib/python3.12/site-packages/differential_drive_robot-0.1.0-py3.12.egg-info/SOURCES.txt
-- Up-to-date: /home/dharani/Desktop/V2V/install/differential_drive_robot/lib/python3.12/site-packages/differential_drive_robot
-- Up-to-date: /home/dharani/Desktop/V2V/install/differential_drive_robot/lib/python3.12/site-packages/differential_drive_robot/__init__.py
Listing '/home/dharani/Desktop/V2V/install/differential_drive_robot/lib/python3.12/site-packages/differential_drive_robot'...
-- Up-to-date: /home/dharani/Desktop/V2V/install/differential_drive_robot/lib/differential_drive_robot/arduino_interface.py
-- Up-to-date: /home/dharani/Desktop/V2V/install/differential_drive_robot/lib/differential_drive_robot/odometry_node.py
-- Up-to-date: /home/dharani/Desktop/V2V/install/differential_drive_robot/lib/differential_drive_robot/robot_state_publisher.py
-- Up-to-date: /home/dharani/Desktop/V2V/install/differential_drive_robot/lib/differential_drive_robot/teleop_keyboard.py
-- Up-to-date: /home/dharani/Desktop/V2V/install/differential_drive_robot/share/differential_drive_robot//launch
-- Installing: /home/dharani/Desktop/V2V/install/differential_drive_robot/share/differential_drive_robot//launch/complete_robot.launch.py
-- Up-to-date: /home/dharani/Desktop/V2V/install/differential_drive_robot/share/differential_drive_robot//launch/rviz_display.launch.py
-- Installing: /home/dharani/Desktop/V2V/install/differential_drive_robot/share/differential_drive_robot//launch/robot_bringup.launch.py
-- Up-to-date: /home/dharani/Desktop/V2V/install/differential_drive_robot/share/differential_drive_robot//config
-- Up-to-date: /home/dharani/Desktop/V2V/install/differential_drive_robot/share/differential_drive_robot//urdf
-- Installing: /home/dharani/Desktop/V2V/install/differential_drive_robot/share/differential_drive_robot//urdf/differential_drive_robot.urdf.xacro
-- Installing: /home/dharani/Desktop/V2V/install/differential_drive_robot/share/differential_drive_robot//urdf/differential_drive_robot_static.urdf
-- Up-to-date: /home/dharani/Desktop/V2V/install/differential_drive_robot/share/differential_drive_robot//urdf/differential_drive_robot.urdf
-- Up-to-date: /home/dharani/Desktop/V2V/install/differential_drive_robot/share/differential_drive_robot//rviz
-- Up-to-date: /home/dharani/Desktop/V2V/install/differential_drive_robot/share/differential_drive_robot//rviz/robot_view.rviz
-- Up-to-date: /home/dharani/Desktop/V2V/install/differential_drive_robot/share/ament_index/resource_index/package_run_dependencies/differential_drive_robot
-- Up-to-date: /home/dharani/Desktop/V2V/install/differential_drive_robot/share/ament_index/resource_index/parent_prefix_path/differential_drive_robot
-- Up-to-date: /home/dharani/Desktop/V2V/install/differential_drive_robot/share/differential_drive_robot/environment/ament_prefix_path.sh
-- Up-to-date: /home/dharani/Desktop/V2V/install/differential_drive_robot/share/differential_drive_robot/environment/ament_prefix_path.dsv
-- Up-to-date: /home/dharani/Desktop/V2V/install/differential_drive_robot/share/differential_drive_robot/environment/path.sh
-- Up-to-date: /home/dharani/Desktop/V2V/install/differential_drive_robot/share/differential_drive_robot/environment/path.dsv
-- Up-to-date: /home/dharani/Desktop/V2V/install/differential_drive_robot/share/differential_drive_robot/local_setup.bash
-- Up-to-date: /home/dharani/Desktop/V2V/install/differential_drive_robot/share/differential_drive_robot/local_setup.sh
-- Up-to-date: /home/dharani/Desktop/V2V/install/differential_drive_robot/share/differential_drive_robot/local_setup.zsh
-- Up-to-date: /home/dharani/Desktop/V2V/install/differential_drive_robot/share/differential_drive_robot/local_setup.dsv
-- Installing: /home/dharani/Desktop/V2V/install/differential_drive_robot/share/differential_drive_robot/package.dsv
-- Up-to-date: /home/dharani/Desktop/V2V/install/differential_drive_robot/share/ament_index/resource_index/packages/differential_drive_robot
-- Up-to-date: /home/dharani/Desktop/V2V/install/differential_drive_robot/share/differential_drive_robot/cmake/differential_drive_robotConfig.cmake
-- Up-to-date: /home/dharani/Desktop/V2V/install/differential_drive_robot/share/differential_drive_robot/cmake/differential_drive_robotConfig-version.cmake
-- Up-to-date: /home/dharani/Desktop/V2V/install/differential_drive_robot/share/differential_drive_robot/package.xml
