[0.024s] Invoking command in '/home/dharani/Desktop/V2V/build/differential_drive_robot': CMAKE_PREFIX_PATH=${CMAKE_PREFIX_PATH}:/opt/ros/jazzy DEBUGINFOD_URLS=https://debuginfod.ubuntu.com /usr/bin/cmake --build /home/dharani/Desktop/V2V/build/differential_drive_robot -- -j20 -l20
[0.134s] Built target ament_cmake_python_copy_differential_drive_robot
[0.658s] running egg_info
[0.703s] writing differential_drive_robot.egg-info/PKG-INFO
[0.704s] writing dependency_links to differential_drive_robot.egg-info/dependency_links.txt
[0.704s] writing top-level names to differential_drive_robot.egg-info/top_level.txt
[0.836s] reading manifest file 'differential_drive_robot.egg-info/SOURCES.txt'
[0.838s] writing manifest file 'differential_drive_robot.egg-info/SOURCES.txt'
[0.892s] Built target ament_cmake_python_build_differential_drive_robot_egg
[0.916s] Invoked command in '/home/dharani/Desktop/V2V/build/differential_drive_robot' returned '0': CMAKE_PREFIX_PATH=${CMAKE_PREFIX_PATH}:/opt/ros/jazzy DEBUGINFOD_URLS=https://debuginfod.ubuntu.com /usr/bin/cmake --build /home/dharani/Desktop/V2V/build/differential_drive_robot -- -j20 -l20
[0.935s] Invoking command in '/home/dharani/Desktop/V2V/build/differential_drive_robot': CMAKE_PREFIX_PATH=${CMAKE_PREFIX_PATH}:/opt/ros/jazzy DEBUGINFOD_URLS=https://debuginfod.ubuntu.com /usr/bin/cmake --install /home/dharani/Desktop/V2V/build/differential_drive_robot
[0.951s] -- Install configuration: ""
[0.952s] -- Up-to-date: /home/dharani/Desktop/V2V/install/differential_drive_robot/share/differential_drive_robot/environment/pythonpath.sh
[0.952s] -- Up-to-date: /home/dharani/Desktop/V2V/install/differential_drive_robot/share/differential_drive_robot/environment/pythonpath.dsv
[0.952s] -- Up-to-date: /home/dharani/Desktop/V2V/install/differential_drive_robot/lib/python3.12/site-packages/differential_drive_robot-0.1.0-py3.12.egg-info
[0.952s] -- Installing: /home/dharani/Desktop/V2V/install/differential_drive_robot/lib/python3.12/site-packages/differential_drive_robot-0.1.0-py3.12.egg-info/PKG-INFO
[0.953s] -- Installing: /home/dharani/Desktop/V2V/install/differential_drive_robot/lib/python3.12/site-packages/differential_drive_robot-0.1.0-py3.12.egg-info/dependency_links.txt
[0.953s] -- Installing: /home/dharani/Desktop/V2V/install/differential_drive_robot/lib/python3.12/site-packages/differential_drive_robot-0.1.0-py3.12.egg-info/top_level.txt
[0.953s] -- Installing: /home/dharani/Desktop/V2V/install/differential_drive_robot/lib/python3.12/site-packages/differential_drive_robot-0.1.0-py3.12.egg-info/SOURCES.txt
[0.953s] -- Up-to-date: /home/dharani/Desktop/V2V/install/differential_drive_robot/lib/python3.12/site-packages/differential_drive_robot
[0.954s] -- Up-to-date: /home/dharani/Desktop/V2V/install/differential_drive_robot/lib/python3.12/site-packages/differential_drive_robot/__init__.py
[1.036s] Listing '/home/dharani/Desktop/V2V/install/differential_drive_robot/lib/python3.12/site-packages/differential_drive_robot'...
[1.048s] -- Up-to-date: /home/dharani/Desktop/V2V/install/differential_drive_robot/lib/differential_drive_robot/arduino_interface.py
[1.049s] -- Up-to-date: /home/dharani/Desktop/V2V/install/differential_drive_robot/lib/differential_drive_robot/odometry_node.py
[1.050s] -- Up-to-date: /home/dharani/Desktop/V2V/install/differential_drive_robot/lib/differential_drive_robot/robot_state_publisher.py
[1.050s] -- Up-to-date: /home/dharani/Desktop/V2V/install/differential_drive_robot/lib/differential_drive_robot/teleop_keyboard.py
[1.050s] -- Up-to-date: /home/dharani/Desktop/V2V/install/differential_drive_robot/share/differential_drive_robot//launch
[1.051s] -- Installing: /home/dharani/Desktop/V2V/install/differential_drive_robot/share/differential_drive_robot//launch/complete_robot.launch.py
[1.051s] -- Up-to-date: /home/dharani/Desktop/V2V/install/differential_drive_robot/share/differential_drive_robot//launch/rviz_display.launch.py
[1.051s] -- Installing: /home/dharani/Desktop/V2V/install/differential_drive_robot/share/differential_drive_robot//launch/robot_bringup.launch.py
[1.051s] -- Up-to-date: /home/dharani/Desktop/V2V/install/differential_drive_robot/share/differential_drive_robot//config
[1.052s] -- Up-to-date: /home/dharani/Desktop/V2V/install/differential_drive_robot/share/differential_drive_robot//urdf
[1.052s] -- Installing: /home/dharani/Desktop/V2V/install/differential_drive_robot/share/differential_drive_robot//urdf/differential_drive_robot.urdf.xacro
[1.052s] -- Installing: /home/dharani/Desktop/V2V/install/differential_drive_robot/share/differential_drive_robot//urdf/differential_drive_robot_static.urdf
[1.053s] -- Up-to-date: /home/dharani/Desktop/V2V/install/differential_drive_robot/share/differential_drive_robot//urdf/differential_drive_robot.urdf
[1.053s] -- Up-to-date: /home/dharani/Desktop/V2V/install/differential_drive_robot/share/differential_drive_robot//rviz
[1.053s] -- Up-to-date: /home/dharani/Desktop/V2V/install/differential_drive_robot/share/differential_drive_robot//rviz/robot_view.rviz
[1.054s] -- Up-to-date: /home/dharani/Desktop/V2V/install/differential_drive_robot/share/ament_index/resource_index/package_run_dependencies/differential_drive_robot
[1.055s] -- Up-to-date: /home/dharani/Desktop/V2V/install/differential_drive_robot/share/ament_index/resource_index/parent_prefix_path/differential_drive_robot
[1.055s] -- Up-to-date: /home/dharani/Desktop/V2V/install/differential_drive_robot/share/differential_drive_robot/environment/ament_prefix_path.sh
[1.055s] -- Up-to-date: /home/dharani/Desktop/V2V/install/differential_drive_robot/share/differential_drive_robot/environment/ament_prefix_path.dsv
[1.055s] -- Up-to-date: /home/dharani/Desktop/V2V/install/differential_drive_robot/share/differential_drive_robot/environment/path.sh
[1.056s] -- Up-to-date: /home/dharani/Desktop/V2V/install/differential_drive_robot/share/differential_drive_robot/environment/path.dsv
[1.057s] -- Up-to-date: /home/dharani/Desktop/V2V/install/differential_drive_robot/share/differential_drive_robot/local_setup.bash
[1.057s] -- Up-to-date: /home/dharani/Desktop/V2V/install/differential_drive_robot/share/differential_drive_robot/local_setup.sh
[1.057s] -- Up-to-date: /home/dharani/Desktop/V2V/install/differential_drive_robot/share/differential_drive_robot/local_setup.zsh
[1.057s] -- Up-to-date: /home/dharani/Desktop/V2V/install/differential_drive_robot/share/differential_drive_robot/local_setup.dsv
[1.057s] -- Installing: /home/dharani/Desktop/V2V/install/differential_drive_robot/share/differential_drive_robot/package.dsv
[1.058s] -- Up-to-date: /home/dharani/Desktop/V2V/install/differential_drive_robot/share/ament_index/resource_index/packages/differential_drive_robot
[1.058s] -- Up-to-date: /home/dharani/Desktop/V2V/install/differential_drive_robot/share/differential_drive_robot/cmake/differential_drive_robotConfig.cmake
[1.058s] -- Up-to-date: /home/dharani/Desktop/V2V/install/differential_drive_robot/share/differential_drive_robot/cmake/differential_drive_robotConfig-version.cmake
[1.058s] -- Up-to-date: /home/dharani/Desktop/V2V/install/differential_drive_robot/share/differential_drive_robot/package.xml
[1.058s] Invoked command in '/home/dharani/Desktop/V2V/build/differential_drive_robot' returned '0': CMAKE_PREFIX_PATH=${CMAKE_PREFIX_PATH}:/opt/ros/jazzy DEBUGINFOD_URLS=https://debuginfod.ubuntu.com /usr/bin/cmake --install /home/dharani/Desktop/V2V/build/differential_drive_robot
